<?xml version="1.0" encoding="UTF-8"?>
<!-- Generated by org.testng.reporters.JUnitReportReporter -->
<testsuite hostname="DESKTOP-PC05J0V" failures="0" tests="1" name="com.automation.tests.LoginTest" time="9.433" errors="0" timestamp="2025-01-27T23:15:36 ICT" skipped="0">
  <testcase classname="com.automation.tests.LoginTest" name="testValidLogin" time="9.433"/>
  <system-out/>
</testsuite> <!-- com.automation.tests.LoginTest -->
